# JRE version: OpenJDK Runtime Environment (24.0.1+9) (build 24.0.1+9-30)
# Java VM: OpenJDK 64-Bit Server VM (24.0.1+9-30, mixed mode, emulated-client, sharing, tiered, compressed oops, compressed class ptrs, g1 gc, windows-amd64)
GC Precious Log:
 CardTable entry size: 512
 Card Set container configuration: InlinePtr #cards 4 size 8 Array Of Cards #cards 16 size 48 Howl #buckets 8 coarsen threshold 3686 Howl Bitmap #cards 512 size 80 coarsen threshold 460 Card regions per heap region 1 cards per card region 4096
 CPUs: 8 total, 8 available
 Memory: 16287M
 Large Page Support: Disabled
 NUMA Support: Disabled
 Compressed Oops: Enabled (Zero based)
 Heap Region Size: 2M
 Heap Min Capacity: 8M
 Heap Initial Capacity: 256M
 Heap Max Capacity: 4072M
 Pre-touch: Disabled
 Parallel Workers: 8
 Concurrent Workers: 2
 Concurrent Refinement Workers: 8
 Periodic GC: Disabled
Heap:
 garbage-first heap   total reserved 4169728K, committed 81920K, used 43595K [0x0000000701800000, 0x0000000800000000)
  region size 2048K, 10 young (20480K), 3 survivors (6144K)
 Metaspace       used 73839K, committed 74432K, reserved 1179648K
  class space    used 8054K, committed 8320K, reserved 1048576K
GC Heap History (20 events):
Event: 2.611 GC heap before
{Heap before GC invocations=4 (full 0):
 garbage-first heap   total reserved 4169728K, committed 55296K, used 33900K [0x0000000701800000, 0x0000000800000000)
  region size 2048K, 12 young (24576K), 1 survivors (2048K)
 Metaspace       used 27070K, committed 27392K, reserved 1114112K
  class space    used 2745K, committed 2880K, reserved 1048576K
}
Event: 2.616 GC heap after
{Heap after GC invocations=5 (full 0):
 garbage-first heap   total reserved 4169728K, committed 55296K, used 15294K [0x0000000701800000, 0x0000000800000000)
  region size 2048K, 2 young (4096K), 2 survivors (4096K)
 Metaspace       used 27070K, committed 27392K, reserved 1114112K
  class space    used 2745K, committed 2880K, reserved 1048576K
}
Event: 3.021 GC heap before
{Heap before GC invocations=5 (full 0):
 garbage-first heap   total reserved 4169728K, committed 55296K, used 37822K [0x0000000701800000, 0x0000000800000000)
  region size 2048K, 14 young (28672K), 2 survivors (4096K)
 Metaspace       used 30368K, committed 30784K, reserved 1114112K
  class space    used 3145K, committed 3328K, reserved 1048576K
}
Event: 3.026 GC heap after
{Heap after GC invocations=6 (full 0):
 garbage-first heap   total reserved 4169728K, committed 55296K, used 16964K [0x0000000701800000, 0x0000000800000000)
  region size 2048K, 2 young (4096K), 2 survivors (4096K)
 Metaspace       used 30368K, committed 30784K, reserved 1114112K
  class space    used 3145K, committed 3328K, reserved 1048576K
}
Event: 3.331 GC heap before
{Heap before GC invocations=6 (full 0):
 garbage-first heap   total reserved 4169728K, committed 55296K, used 39492K [0x0000000701800000, 0x0000000800000000)
  region size 2048K, 13 young (26624K), 2 survivors (4096K)
 Metaspace       used 32793K, committed 33152K, reserved 1114112K
  class space    used 3499K, committed 3648K, reserved 1048576K
}
Event: 3.336 GC heap after
{Heap after GC invocations=7 (full 0):
 garbage-first heap   total reserved 4169728K, committed 55296K, used 18930K [0x0000000701800000, 0x0000000800000000)
  region size 2048K, 2 young (4096K), 2 survivors (4096K)
 Metaspace       used 32793K, committed 33152K, reserved 1114112K
  class space    used 3499K, committed 3648K, reserved 1048576K
}
Event: 3.635 GC heap before
{Heap before GC invocations=7 (full 0):
 garbage-first heap   total reserved 4169728K, committed 55296K, used 39410K [0x0000000701800000, 0x0000000800000000)
  region size 2048K, 13 young (26624K), 2 survivors (4096K)
 Metaspace       used 35772K, committed 36160K, reserved 1114112K
  class space    used 3836K, committed 4032K, reserved 1048576K
}
Event: 3.639 GC heap after
{Heap after GC invocations=8 (full 0):
 garbage-first heap   total reserved 4169728K, committed 159744K, used 20465K [0x0000000701800000, 0x0000000800000000)
  region size 2048K, 2 young (4096K), 2 survivors (4096K)
 Metaspace       used 35772K, committed 36160K, reserved 1114112K
  class space    used 3836K, committed 4032K, reserved 1048576K
}
Event: 3.648 GC heap before
{Heap before GC invocations=8 (full 0):
 garbage-first heap   total reserved 4169728K, committed 159744K, used 20465K [0x0000000701800000, 0x0000000800000000)
  region size 2048K, 3 young (6144K), 2 survivors (4096K)
 Metaspace       used 35908K, committed 36288K, reserved 1114112K
  class space    used 3842K, committed 4032K, reserved 1048576K
}
Event: 3.651 GC heap after
{Heap after GC invocations=9 (full 0):
 garbage-first heap   total reserved 4169728K, committed 159744K, used 20527K [0x0000000701800000, 0x0000000800000000)
  region size 2048K, 2 young (4096K), 2 survivors (4096K)
 Metaspace       used 35908K, committed 36288K, reserved 1114112K
  class space    used 3842K, committed 4032K, reserved 1048576K
}
Event: 4.398 GC heap before
{Heap before GC invocations=10 (full 0):
 garbage-first heap   total reserved 4169728K, committed 81920K, used 65583K [0x0000000701800000, 0x0000000800000000)
  region size 2048K, 24 young (49152K), 2 survivors (4096K)
 Metaspace       used 48020K, committed 48448K, reserved 1114112K
  class space    used 5090K, committed 5248K, reserved 1048576K
}
Event: 4.404 GC heap after
{Heap after GC invocations=11 (full 0):
 garbage-first heap   total reserved 4169728K, committed 81920K, used 23421K [0x0000000701800000, 0x0000000800000000)
  region size 2048K, 3 young (6144K), 3 survivors (6144K)
 Metaspace       used 48020K, committed 48448K, reserved 1114112K
  class space    used 5090K, committed 5248K, reserved 1048576K
}
Event: 5.218 GC heap before
{Heap before GC invocations=11 (full 0):
 garbage-first heap   total reserved 4169728K, committed 81920K, used 64381K [0x0000000701800000, 0x0000000800000000)
  region size 2048K, 23 young (47104K), 3 survivors (6144K)
 Metaspace       used 58337K, committed 58816K, reserved 1114112K
  class space    used 6115K, committed 6336K, reserved 1048576K
}
Event: 5.223 GC heap after
{Heap after GC invocations=12 (full 0):
 garbage-first heap   total reserved 4169728K, committed 81920K, used 25831K [0x0000000701800000, 0x0000000800000000)
  region size 2048K, 3 young (6144K), 3 survivors (6144K)
 Metaspace       used 58337K, committed 58816K, reserved 1114112K
  class space    used 6115K, committed 6336K, reserved 1048576K
}
Event: 5.436 GC heap before
{Heap before GC invocations=12 (full 0):
 garbage-first heap   total reserved 4169728K, committed 81920K, used 36071K [0x0000000701800000, 0x0000000800000000)
  region size 2048K, 9 young (18432K), 3 survivors (6144K)
 Metaspace       used 60965K, committed 61440K, reserved 1114112K
  class space    used 6493K, committed 6720K, reserved 1048576K
}
Event: 5.441 GC heap after
{Heap after GC invocations=13 (full 0):
 garbage-first heap   total reserved 4169728K, committed 81920K, used 26415K [0x0000000701800000, 0x0000000800000000)
  region size 2048K, 2 young (4096K), 2 survivors (4096K)
 Metaspace       used 60965K, committed 61440K, reserved 1114112K
  class space    used 6493K, committed 6720K, reserved 1048576K
}
Event: 6.240 GC heap before
{Heap before GC invocations=14 (full 0):
 garbage-first heap   total reserved 4169728K, committed 81920K, used 67375K [0x0000000701800000, 0x0000000800000000)
  region size 2048K, 22 young (45056K), 2 survivors (4096K)
 Metaspace       used 66959K, committed 67520K, reserved 1114112K
  class space    used 7223K, committed 7424K, reserved 1048576K
}
Event: 6.244 GC heap after
{Heap after GC invocations=15 (full 0):
 garbage-first heap   total reserved 4169728K, committed 81920K, used 28434K [0x0000000701800000, 0x0000000800000000)
  region size 2048K, 3 young (6144K), 3 survivors (6144K)
 Metaspace       used 66959K, committed 67520K, reserved 1114112K
  class space    used 7223K, committed 7424K, reserved 1048576K
}
Event: 12.359 GC heap before
{Heap before GC invocations=15 (full 0):
 garbage-first heap   total reserved 4169728K, committed 81920K, used 67346K [0x0000000701800000, 0x0000000800000000)
  region size 2048K, 22 young (45056K), 3 survivors (6144K)
 Metaspace       used 71046K, committed 71616K, reserved 1114112K
  class space    used 7721K, committed 7936K, reserved 1048576K
}
Event: 12.366 GC heap after
{Heap after GC invocations=16 (full 0):
 garbage-first heap   total reserved 4169728K, committed 81920K, used 31307K [0x0000000701800000, 0x0000000800000000)
  region size 2048K, 3 young (6144K), 3 survivors (6144K)
 Metaspace       used 71046K, committed 71616K, reserved 1114112K
  class space    used 7721K, committed 7936K, reserved 1048576K
}

